****************************************
Report : power
        -analysis_effort low
Design : i2c_master_top
Version: U-2022.12
Date   : Wed Jun 17 21:50:18 2026
****************************************


Library(s) Used:

    tsl18fs120_typ (File: /tools/kits/tower/PDK_TS18SL/FS120_STD_Cells_0_18um_2005_12/DW_TOWER_tsl18fs120/2005.12/synopsys/2004.12/models/tsl18fs120_typ.db)


Operating Conditions: tsl18fs120_typ   Library: tsl18fs120_typ
Wire Load Model Mode: enclosed

Design        Wire Load Model            Library
------------------------------------------------
i2c_master_top         4000              tsl18fs120_typ


Global Operating Voltage = 1.8  
Power-specific unit information :
    Voltage Units = 1V
    Capacitance Units = 1.000000pf
    Time Units = 1ns
    Dynamic Power Units = 1mW    (derived from V,C,T units)
    Leakage Power Units = 1pW


Attributes
----------
i - Including register clock pin internal power


  Cell Internal Power  =   2.5013 mW   (94%)
  Net Switching Power  = 159.9752 uW    (6%)
                         ---------
Total Dynamic Power    =   2.6612 mW  (100%)

Cell Leakage Power     =  27.4020 nW


                 Internal         Switching           Leakage            Total
Power Group      Power            Power               Power              Power   (   %    )  Attrs
--------------------------------------------------------------------------------------------------
io_pad             0.0000            0.0000            0.0000            0.0000  (   0.00%)
memory             0.0000            0.0000            0.0000            0.0000  (   0.00%)
black_box          0.0000            0.0000            0.0000            0.0000  (   0.00%)
clock_network      2.3668            0.0000            0.0000            2.3668  (  88.93%)  i
register       9.4733e-02        2.1688e-02        2.0543e+04            0.1164  (   4.38%)
sequential         0.0000            0.0000            0.0000            0.0000  (   0.00%)
combinational  3.9750e-02            0.1383        6.8588e+03            0.1780  (   6.69%)
--------------------------------------------------------------------------------------------------
Total              2.5013 mW         0.1600 mW     2.7402e+04 pW         2.6613 mW
