****************************************
Report : timing
        -path full
        -delay max
        -max_paths 1
        -sort_by group
Design : i2c_master_top
Version: U-2022.12
Date   : Wed Jun 17 21:43:36 2026
****************************************

Operating Conditions: tsl18fs120_typ   Library: tsl18fs120_typ
Wire Load Model Mode: enclosed

  Startpoint: byte_controller/bit_controller/cnt_reg[0]
              (rising edge-triggered flip-flop clocked by wb_clk_i)
  Endpoint: byte_controller/bit_controller/cnt_reg[15]
            (rising edge-triggered flip-flop clocked by wb_clk_i)
  Path Group: wb_clk_i
  Path Type: max

  Des/Clust/Port     Wire Load Model       Library
  ------------------------------------------------
  i2c_master_top     4000                  tsl18fs120_typ
  i2c_master_bit_ctrl
                     4000                  tsl18fs120_typ
  i2c_master_bit_ctrl_DW01_dec_1_DW01_dec_2
                     ForQA                 tsl18fs120_typ

  Point                                                   Incr       Path
  --------------------------------------------------------------------------
  clock wb_clk_i (rise edge)                              0.00       0.00
  clock network delay (ideal)                             0.00       0.00
  byte_controller/bit_controller/cnt_reg[0]/CP (dfcrq1)
                                                          0.00       0.00 r
  byte_controller/bit_controller/cnt_reg[0]/Q (dfcrq1)
                                                          0.34       0.34 r
  byte_controller/bit_controller/sub_228/A[0] (i2c_master_bit_ctrl_DW01_dec_1_DW01_dec_2)
                                                          0.00       0.34 r
  byte_controller/bit_controller/sub_228/U32/Z (or02d0)
                                                          0.32       0.66 r
  byte_controller/bit_controller/sub_228/U31/Z (or02d0)
                                                          0.32       0.97 r
  byte_controller/bit_controller/sub_228/U30/Z (or02d0)
                                                          0.32       1.29 r
  byte_controller/bit_controller/sub_228/U29/Z (or02d0)
                                                          0.32       1.61 r
  byte_controller/bit_controller/sub_228/U28/Z (or02d0)
                                                          0.32       1.92 r
  byte_controller/bit_controller/sub_228/U27/Z (or02d0)
                                                          0.32       2.24 r
  byte_controller/bit_controller/sub_228/U26/Z (or02d0)
                                                          0.32       2.55 r
  byte_controller/bit_controller/sub_228/U25/Z (or02d0)
                                                          0.34       2.89 r
  byte_controller/bit_controller/sub_228/U3/ZN (nr02d1)
                                                          0.18       3.07 f
  byte_controller/bit_controller/sub_228/U1/ZN (nd02d1)
                                                          0.19       3.26 r
  byte_controller/bit_controller/sub_228/U21/Z (or02d0)
                                                          0.31       3.57 r
  byte_controller/bit_controller/sub_228/U19/Z (or02d0)
                                                          0.33       3.90 r
  byte_controller/bit_controller/sub_228/U14/ZN (nr02d1)
                                                          0.13       4.04 f
  byte_controller/bit_controller/sub_228/U2/ZN (inv0d0)
                                                          0.26       4.29 r
  byte_controller/bit_controller/sub_228/U17/ZN (nr02d1)
                                                          0.07       4.37 f
  byte_controller/bit_controller/sub_228/U13/Z (xr02d1)
                                                          0.20       4.56 f
  byte_controller/bit_controller/sub_228/SUM[15] (i2c_master_bit_ctrl_DW01_dec_1_DW01_dec_2)
                                                          0.00       4.56 f
  byte_controller/bit_controller/U87/Z (aor222d1)         0.30       4.86 f
  byte_controller/bit_controller/cnt_reg[15]/D (dfcrq1)
                                                          0.00       4.86 f
  data arrival time                                                  4.86

  clock wb_clk_i (rise edge)                              5.00       5.00
  clock network delay (ideal)                             0.00       5.00
  byte_controller/bit_controller/cnt_reg[15]/CP (dfcrq1)
                                                          0.00       5.00 r
  library setup time                                     -0.10       4.90
  data required time                                                 4.90
  --------------------------------------------------------------------------
  data required time                                                 4.90
  data arrival time                                                 -4.86
  --------------------------------------------------------------------------
  slack (MET)                                                        0.04


